<div class="highlight"><pre>Chrome 41.0.2272 <span class="o">(</span>Mac OS X 10.10.2<span class="o">)</span> TestOneController clicking the button does not change the greeting FAILED
  AssertionError: expected undefined to equal <span class="s1">&#39;Hello, World!&#39;</span>
</pre>
</div>
